<?xml version="1.0" encoding="UTF-8"?>
<testng-results skipped="0" failed="0" ignored="0" total="1" passed="1">
  <reporter-output>
  </reporter-output>
  <suite name="Default suite" duration-ms="81347" started-at="2021-01-15T22:16:19Z" finished-at="2021-01-15T22:17:40Z">
    <groups>
    </groups>
    <test name="Default test" duration-ms="81347" started-at="2021-01-15T22:16:19Z" finished-at="2021-01-15T22:17:40Z">
      <class name="appiumExampleDemo.CaseStudy">
        <test-method status="PASS" signature="beforeMethod()[pri:0, instance:appiumExampleDemo.CaseStudy@4690b489]" name="beforeMethod" is-config="true" duration-ms="24982" started-at="2021-01-15T22:16:19Z" finished-at="2021-01-15T22:16:44Z">
          <reporter-output>
          </reporter-output>
        </test-method> <!-- beforeMethod -->
        <test-method status="PASS" signature="TestCase1()[pri:0, instance:appiumExampleDemo.CaseStudy@4690b489]" name="TestCase1" duration-ms="56324" started-at="2021-01-15T22:16:44Z" finished-at="2021-01-15T22:17:40Z">
          <reporter-output>
          </reporter-output>
        </test-method> <!-- TestCase1 -->
      </class> <!-- appiumExampleDemo.CaseStudy -->
    </test> <!-- Default test -->
  </suite> <!-- Default suite -->
</testng-results>
